Determining if the function crc32c_value exists in the crc32c failed with the following output:
Change Dir: /home/young/下载/leveldb-master/cmake-build-debug/CMakeFiles/CMakeTmp

Run Build Command(s):/usr/bin/make cmTC_47d40/fast 
/usr/bin/make -f CMakeFiles/cmTC_47d40.dir/build.make CMakeFiles/cmTC_47d40.dir/build
make[1]: 进入目录“/home/young/下载/leveldb-master/cmake-build-debug/CMakeFiles/CMakeTmp”
Building C object CMakeFiles/cmTC_47d40.dir/CheckFunctionExists.c.o
/usr/bin/cc   -DCHECK_FUNCTION_EXISTS=crc32c_value   -std=c11 -o CMakeFiles/cmTC_47d40.dir/CheckFunctionExists.c.o   -c /home/young/下载/CLion-2019.1.4/clion-2019.1.4/bin/cmake/linux/share/cmake-3.14/Modules/CheckFunctionExists.c
Linking C executable cmTC_47d40
/home/young/下载/CLion-2019.1.4/clion-2019.1.4/bin/cmake/linux/bin/cmake -E cmake_link_script CMakeFiles/cmTC_47d40.dir/link.txt --verbose=1
/usr/bin/cc  -DCHECK_FUNCTION_EXISTS=crc32c_value    CMakeFiles/cmTC_47d40.dir/CheckFunctionExists.c.o  -o cmTC_47d40 -lcrc32c 
/usr/bin/ld: 找不到 -lcrc32c
collect2: error: ld returned 1 exit status
CMakeFiles/cmTC_47d40.dir/build.make:86: recipe for target 'cmTC_47d40' failed
make[1]: *** [cmTC_47d40] Error 1
make[1]: 离开目录“/home/young/下载/leveldb-master/cmake-build-debug/CMakeFiles/CMakeTmp”
Makefile:121: recipe for target 'cmTC_47d40/fast' failed
make: *** [cmTC_47d40/fast] Error 2


Determining if the function snappy_compress exists in the snappy failed with the following output:
Change Dir: /home/young/下载/leveldb-master/cmake-build-debug/CMakeFiles/CMakeTmp

Run Build Command(s):/usr/bin/make cmTC_2da59/fast 
/usr/bin/make -f CMakeFiles/cmTC_2da59.dir/build.make CMakeFiles/cmTC_2da59.dir/build
make[1]: 进入目录“/home/young/下载/leveldb-master/cmake-build-debug/CMakeFiles/CMakeTmp”
Building C object CMakeFiles/cmTC_2da59.dir/CheckFunctionExists.c.o
/usr/bin/cc   -DCHECK_FUNCTION_EXISTS=snappy_compress   -std=c11 -o CMakeFiles/cmTC_2da59.dir/CheckFunctionExists.c.o   -c /home/young/下载/CLion-2019.1.4/clion-2019.1.4/bin/cmake/linux/share/cmake-3.14/Modules/CheckFunctionExists.c
Linking C executable cmTC_2da59
/home/young/下载/CLion-2019.1.4/clion-2019.1.4/bin/cmake/linux/bin/cmake -E cmake_link_script CMakeFiles/cmTC_2da59.dir/link.txt --verbose=1
/usr/bin/cc  -DCHECK_FUNCTION_EXISTS=snappy_compress    CMakeFiles/cmTC_2da59.dir/CheckFunctionExists.c.o  -o cmTC_2da59 -lsnappy 
/usr/bin/ld: 找不到 -lsnappy
collect2: error: ld returned 1 exit status
CMakeFiles/cmTC_2da59.dir/build.make:86: recipe for target 'cmTC_2da59' failed
make[1]: *** [cmTC_2da59] Error 1
make[1]: 离开目录“/home/young/下载/leveldb-master/cmake-build-debug/CMakeFiles/CMakeTmp”
Makefile:121: recipe for target 'cmTC_2da59/fast' failed
make: *** [cmTC_2da59/fast] Error 2


Determining if the function malloc exists in the tcmalloc failed with the following output:
Change Dir: /home/young/下载/leveldb-master/cmake-build-debug/CMakeFiles/CMakeTmp

Run Build Command(s):/usr/bin/make cmTC_3738c/fast 
/usr/bin/make -f CMakeFiles/cmTC_3738c.dir/build.make CMakeFiles/cmTC_3738c.dir/build
make[1]: 进入目录“/home/young/下载/leveldb-master/cmake-build-debug/CMakeFiles/CMakeTmp”
Building C object CMakeFiles/cmTC_3738c.dir/CheckFunctionExists.c.o
/usr/bin/cc   -DCHECK_FUNCTION_EXISTS=malloc   -std=c11 -o CMakeFiles/cmTC_3738c.dir/CheckFunctionExists.c.o   -c /home/young/下载/CLion-2019.1.4/clion-2019.1.4/bin/cmake/linux/share/cmake-3.14/Modules/CheckFunctionExists.c
<command-line>:0:23: warning: conflicting types for built-in function ‘malloc’ [-Wbuiltin-declaration-mismatch]
/home/young/下载/CLion-2019.1.4/clion-2019.1.4/bin/cmake/linux/share/cmake-3.14/Modules/CheckFunctionExists.c:7:3: note: in expansion of macro ‘CHECK_FUNCTION_EXISTS’
   CHECK_FUNCTION_EXISTS(void);
   ^~~~~~~~~~~~~~~~~~~~~
Linking C executable cmTC_3738c
/home/young/下载/CLion-2019.1.4/clion-2019.1.4/bin/cmake/linux/bin/cmake -E cmake_link_script CMakeFiles/cmTC_3738c.dir/link.txt --verbose=1
/usr/bin/cc  -DCHECK_FUNCTION_EXISTS=malloc    CMakeFiles/cmTC_3738c.dir/CheckFunctionExists.c.o  -o cmTC_3738c -ltcmalloc 
/usr/bin/ld: 找不到 -ltcmalloc
collect2: error: ld returned 1 exit status
CMakeFiles/cmTC_3738c.dir/build.make:86: recipe for target 'cmTC_3738c' failed
make[1]: *** [cmTC_3738c] Error 1
make[1]: 离开目录“/home/young/下载/leveldb-master/cmake-build-debug/CMakeFiles/CMakeTmp”
Makefile:121: recipe for target 'cmTC_3738c/fast' failed
make: *** [cmTC_3738c/fast] Error 2


Determining if the F_FULLFSYNC exist failed with the following output:
Change Dir: /home/young/下载/leveldb-master/cmake-build-debug/CMakeFiles/CMakeTmp

Run Build Command(s):/usr/bin/make cmTC_40b53/fast 
/usr/bin/make -f CMakeFiles/cmTC_40b53.dir/build.make CMakeFiles/cmTC_40b53.dir/build
make[1]: 进入目录“/home/young/下载/leveldb-master/cmake-build-debug/CMakeFiles/CMakeTmp”
Building CXX object CMakeFiles/cmTC_40b53.dir/CheckSymbolExists.cxx.o
/usr/bin/c++    -std=c++11 -o CMakeFiles/cmTC_40b53.dir/CheckSymbolExists.cxx.o -c /home/young/下载/leveldb-master/cmake-build-debug/CMakeFiles/CMakeTmp/CheckSymbolExists.cxx
/home/young/下载/leveldb-master/cmake-build-debug/CMakeFiles/CMakeTmp/CheckSymbolExists.cxx: In function ‘int main(int, char**)’:
/home/young/下载/leveldb-master/cmake-build-debug/CMakeFiles/CMakeTmp/CheckSymbolExists.cxx:8:19: error: ‘F_FULLFSYNC’ was not declared in this scope
   return ((int*)(&F_FULLFSYNC))[argc];
                   ^~~~~~~~~~~
/home/young/下载/leveldb-master/cmake-build-debug/CMakeFiles/CMakeTmp/CheckSymbolExists.cxx:8:19: note: suggested alternative: ‘O_FSYNC’
   return ((int*)(&F_FULLFSYNC))[argc];
                   ^~~~~~~~~~~
                   O_FSYNC
CMakeFiles/cmTC_40b53.dir/build.make:65: recipe for target 'CMakeFiles/cmTC_40b53.dir/CheckSymbolExists.cxx.o' failed
make[1]: *** [CMakeFiles/cmTC_40b53.dir/CheckSymbolExists.cxx.o] Error 1
make[1]: 离开目录“/home/young/下载/leveldb-master/cmake-build-debug/CMakeFiles/CMakeTmp”
Makefile:121: recipe for target 'cmTC_40b53/fast' failed
make: *** [cmTC_40b53/fast] Error 2

File /home/young/下载/leveldb-master/cmake-build-debug/CMakeFiles/CMakeTmp/CheckSymbolExists.cxx:
/* */
#include <fcntl.h>

int main(int argc, char** argv)
{
  (void)argv;
#ifndef F_FULLFSYNC
  return ((int*)(&F_FULLFSYNC))[argc];
#else
  (void)argc;
  return 0;
#endif
}

Performing C++ SOURCE FILE Test HAVE_CLANG_THREAD_SAFETY failed with the following output:
Change Dir: /home/young/下载/leveldb-master/cmake-build-debug/CMakeFiles/CMakeTmp

Run Build Command(s):/usr/bin/make cmTC_917f1/fast 
/usr/bin/make -f CMakeFiles/cmTC_917f1.dir/build.make CMakeFiles/cmTC_917f1.dir/build
make[1]: 进入目录“/home/young/下载/leveldb-master/cmake-build-debug/CMakeFiles/CMakeTmp”
Building CXX object CMakeFiles/cmTC_917f1.dir/src.cxx.o
/usr/bin/c++    -fno-exceptions -fno-rtti -DHAVE_CLANG_THREAD_SAFETY -Werror   -std=c++11 -o CMakeFiles/cmTC_917f1.dir/src.cxx.o -c /home/young/下载/leveldb-master/cmake-build-debug/CMakeFiles/CMakeTmp/src.cxx
/home/young/下载/leveldb-master/cmake-build-debug/CMakeFiles/CMakeTmp/src.cxx:2:34: error: ‘lockable’ attribute directive ignored [-Werror=attributes]
 struct __attribute__((lockable)) Lock {
                                  ^~~~
/home/young/下载/leveldb-master/cmake-build-debug/CMakeFiles/CMakeTmp/src.cxx:3:59: error: ‘exclusive_lock_function’ attribute directive ignored [-Werror=attributes]
   void Acquire() __attribute__((exclusive_lock_function()));
                                                           ^
/home/young/下载/leveldb-master/cmake-build-debug/CMakeFiles/CMakeTmp/src.cxx:4:51: error: ‘unlock_function’ attribute directive ignored [-Werror=attributes]
   void Release() __attribute__((unlock_function()));
                                                   ^
/home/young/下载/leveldb-master/cmake-build-debug/CMakeFiles/CMakeTmp/src.cxx:8:46: error: ‘guarded_by’ attribute directive ignored [-Werror=attributes]
   int data_ __attribute__((guarded_by(lock_)));
                                              ^
cc1plus: all warnings being treated as errors
CMakeFiles/cmTC_917f1.dir/build.make:65: recipe for target 'CMakeFiles/cmTC_917f1.dir/src.cxx.o' failed
make[1]: *** [CMakeFiles/cmTC_917f1.dir/src.cxx.o] Error 1
make[1]: 离开目录“/home/young/下载/leveldb-master/cmake-build-debug/CMakeFiles/CMakeTmp”
Makefile:121: recipe for target 'cmTC_917f1/fast' failed
make: *** [cmTC_917f1/fast] Error 2

Source file was:

struct __attribute__((lockable)) Lock {
  void Acquire() __attribute__((exclusive_lock_function()));
  void Release() __attribute__((unlock_function()));
};
struct ThreadSafeType {
  Lock lock_;
  int data_ __attribute__((guarded_by(lock_)));
};
int main() { return 0; }

Determining if the pthread_create exist failed with the following output:
Change Dir: /home/young/下载/leveldb-master/cmake-build-debug/CMakeFiles/CMakeTmp

Run Build Command(s):/usr/bin/make cmTC_f0f23/fast 
/usr/bin/make -f CMakeFiles/cmTC_f0f23.dir/build.make CMakeFiles/cmTC_f0f23.dir/build
make[1]: 进入目录“/home/young/下载/leveldb-master/cmake-build-debug/CMakeFiles/CMakeTmp”
Building C object CMakeFiles/cmTC_f0f23.dir/CheckSymbolExists.c.o
/usr/bin/cc   -Wstrict-prototypes    -std=c11 -o CMakeFiles/cmTC_f0f23.dir/CheckSymbolExists.c.o   -c /home/young/下载/leveldb-master/cmake-build-debug/CMakeFiles/CMakeTmp/CheckSymbolExists.c
Linking C executable cmTC_f0f23
/home/young/下载/CLion-2019.1.4/clion-2019.1.4/bin/cmake/linux/bin/cmake -E cmake_link_script CMakeFiles/cmTC_f0f23.dir/link.txt --verbose=1
/usr/bin/cc  -Wstrict-prototypes     CMakeFiles/cmTC_f0f23.dir/CheckSymbolExists.c.o  -o cmTC_f0f23 
CMakeFiles/cmTC_f0f23.dir/CheckSymbolExists.c.o：在函数‘main’中：
CheckSymbolExists.c:(.text+0x1b)：对‘pthread_create’未定义的引用
collect2: error: ld returned 1 exit status
CMakeFiles/cmTC_f0f23.dir/build.make:86: recipe for target 'cmTC_f0f23' failed
make[1]: *** [cmTC_f0f23] Error 1
make[1]: 离开目录“/home/young/下载/leveldb-master/cmake-build-debug/CMakeFiles/CMakeTmp”
Makefile:121: recipe for target 'cmTC_f0f23/fast' failed
make: *** [cmTC_f0f23/fast] Error 2

File /home/young/下载/leveldb-master/cmake-build-debug/CMakeFiles/CMakeTmp/CheckSymbolExists.c:
/* */
#include <pthread.h>

int main(int argc, char** argv)
{
  (void)argv;
#ifndef pthread_create
  return ((int*)(&pthread_create))[argc];
#else
  (void)argc;
  return 0;
#endif
}

Determining if the function pthread_create exists in the pthreads failed with the following output:
Change Dir: /home/young/下载/leveldb-master/cmake-build-debug/CMakeFiles/CMakeTmp

Run Build Command(s):/usr/bin/make cmTC_f903a/fast 
/usr/bin/make -f CMakeFiles/cmTC_f903a.dir/build.make CMakeFiles/cmTC_f903a.dir/build
make[1]: 进入目录“/home/young/下载/leveldb-master/cmake-build-debug/CMakeFiles/CMakeTmp”
Building C object CMakeFiles/cmTC_f903a.dir/CheckFunctionExists.c.o
/usr/bin/cc   -Wstrict-prototypes -DCHECK_FUNCTION_EXISTS=pthread_create   -std=c11 -o CMakeFiles/cmTC_f903a.dir/CheckFunctionExists.c.o   -c /home/young/下载/CLion-2019.1.4/clion-2019.1.4/bin/cmake/linux/share/cmake-3.14/Modules/CheckFunctionExists.c
Linking C executable cmTC_f903a
/home/young/下载/CLion-2019.1.4/clion-2019.1.4/bin/cmake/linux/bin/cmake -E cmake_link_script CMakeFiles/cmTC_f903a.dir/link.txt --verbose=1
/usr/bin/cc  -Wstrict-prototypes -DCHECK_FUNCTION_EXISTS=pthread_create    CMakeFiles/cmTC_f903a.dir/CheckFunctionExists.c.o  -o cmTC_f903a -lpthreads 
/usr/bin/ld: 找不到 -lpthreads
collect2: error: ld returned 1 exit status
CMakeFiles/cmTC_f903a.dir/build.make:86: recipe for target 'cmTC_f903a' failed
make[1]: *** [cmTC_f903a] Error 1
make[1]: 离开目录“/home/young/下载/leveldb-master/cmake-build-debug/CMakeFiles/CMakeTmp”
Makefile:121: recipe for target 'cmTC_f903a/fast' failed
make: *** [cmTC_f903a/fast] Error 2


Determining if the function sqlite3_open exists in the sqlite3 failed with the following output:
Change Dir: /home/young/下载/leveldb-master/cmake-build-debug/CMakeFiles/CMakeTmp

Run Build Command(s):/usr/bin/make cmTC_e6f31/fast 
/usr/bin/make -f CMakeFiles/cmTC_e6f31.dir/build.make CMakeFiles/cmTC_e6f31.dir/build
make[1]: 进入目录“/home/young/下载/leveldb-master/cmake-build-debug/CMakeFiles/CMakeTmp”
Building C object CMakeFiles/cmTC_e6f31.dir/CheckFunctionExists.c.o
/usr/bin/cc   -Wstrict-prototypes -DCHECK_FUNCTION_EXISTS=sqlite3_open   -std=c11 -o CMakeFiles/cmTC_e6f31.dir/CheckFunctionExists.c.o   -c /home/young/下载/CLion-2019.1.4/clion-2019.1.4/bin/cmake/linux/share/cmake-3.14/Modules/CheckFunctionExists.c
Linking C executable cmTC_e6f31
/home/young/下载/CLion-2019.1.4/clion-2019.1.4/bin/cmake/linux/bin/cmake -E cmake_link_script CMakeFiles/cmTC_e6f31.dir/link.txt --verbose=1
/usr/bin/cc  -Wstrict-prototypes -DCHECK_FUNCTION_EXISTS=sqlite3_open    CMakeFiles/cmTC_e6f31.dir/CheckFunctionExists.c.o  -o cmTC_e6f31 -lsqlite3 
/usr/bin/ld: 找不到 -lsqlite3
collect2: error: ld returned 1 exit status
CMakeFiles/cmTC_e6f31.dir/build.make:86: recipe for target 'cmTC_e6f31' failed
make[1]: *** [cmTC_e6f31] Error 1
make[1]: 离开目录“/home/young/下载/leveldb-master/cmake-build-debug/CMakeFiles/CMakeTmp”
Makefile:121: recipe for target 'cmTC_e6f31/fast' failed
make: *** [cmTC_e6f31/fast] Error 2


Performing C++ SOURCE FILE Test HAVE_KYOTOCABINET failed with the following output:
Change Dir: /home/young/下载/leveldb-master/cmake-build-debug/CMakeFiles/CMakeTmp

Run Build Command(s):/usr/bin/make cmTC_e7d91/fast 
/usr/bin/make -f CMakeFiles/cmTC_e7d91.dir/build.make CMakeFiles/cmTC_e7d91.dir/build
make[1]: 进入目录“/home/young/下载/leveldb-master/cmake-build-debug/CMakeFiles/CMakeTmp”
Building CXX object CMakeFiles/cmTC_e7d91.dir/src.cxx.o
/usr/bin/c++    -fno-exceptions -fno-rtti -DHAVE_KYOTOCABINET   -std=c++11 -o CMakeFiles/cmTC_e7d91.dir/src.cxx.o -c /home/young/下载/leveldb-master/cmake-build-debug/CMakeFiles/CMakeTmp/src.cxx
/home/young/下载/leveldb-master/cmake-build-debug/CMakeFiles/CMakeTmp/src.cxx:2:10: fatal error: kcpolydb.h: 没有那个文件或目录
 #include <kcpolydb.h>
          ^~~~~~~~~~~~
compilation terminated.
CMakeFiles/cmTC_e7d91.dir/build.make:65: recipe for target 'CMakeFiles/cmTC_e7d91.dir/src.cxx.o' failed
make[1]: *** [CMakeFiles/cmTC_e7d91.dir/src.cxx.o] Error 1
make[1]: 离开目录“/home/young/下载/leveldb-master/cmake-build-debug/CMakeFiles/CMakeTmp”
Makefile:121: recipe for target 'cmTC_e7d91/fast' failed
make: *** [cmTC_e7d91/fast] Error 2

Source file was:

#include <kcpolydb.h>

int main() {
  kyotocabinet::TreeDB* db = new kyotocabinet::TreeDB();
  delete db;
  return 0;
}
  
